0 info it worked if it ends with ok
1 verbose cli [ 'node', '/usr/local/bin/npm', 'install' ]
2 info using npm@2.1.6
3 info using node@v0.10.33
4 verbose node symlink /usr/local/bin/node
5 warn package.json structure@1.0.0 No description
6 warn package.json structure@1.0.0 No repository field.
7 warn package.json structure@1.0.0 No README data
8 verbose install where, deps [ '/Users/rav/Documents/ror/express_angular/server',
8 verbose install   [ 'nodemon', 'tape', 'marklogic', 'body-parser' ] ]
9 verbose install where, peers [ '/Users/rav/Documents/ror/express_angular/server', [] ]
10 info preinstall structure@1.0.0
11 verbose unsafe-perm in lifecycle true
12 info structure@1.0.0 Failed to exec preinstall script
13 verbose stack Error: structure@1.0.0 preinstall: `node bin/preinstall.js`
13 verbose stack Exit status 8
13 verbose stack     at ChildProcess.<anonymous> (/usr/local/lib/node_modules/npm/lib/utils/lifecycle.js:212:16)
13 verbose stack     at ChildProcess.emit (events.js:98:17)
13 verbose stack     at maybeClose (child_process.js:756:16)
13 verbose stack     at Process.ChildProcess._handle.onexit (child_process.js:823:5)
14 verbose pkgid structure@1.0.0
15 verbose cwd /Users/rav/Documents/ror/express_angular/server
16 error Darwin 14.4.0
17 error argv "node" "/usr/local/bin/npm" "install"
18 error node v0.10.33
19 error npm  v2.1.6
20 error code ELIFECYCLE
21 error structure@1.0.0 preinstall: `node bin/preinstall.js`
21 error Exit status 8
22 error Failed at the structure@1.0.0 preinstall script.
22 error This is most likely a problem with the structure package,
22 error not with npm itself.
22 error Tell the author that this fails on your system:
22 error     node bin/preinstall.js
22 error You can get their info via:
22 error     npm owner ls structure
22 error There is likely additional logging output above.
23 verbose exit [ 1, true ]
